<?xml version="1.0" encoding="UTF-8"?>
<testsuite xmlns:xsi="http://www.w3.org/2001/XMLSchema-instance" xsi:noNamespaceSchemaLocation="https://maven.apache.org/surefire/maven-surefire-plugin/xsd/surefire-test-report.xsd" version="3.0.2" name="com.starkindustries.whatsapp_backend.WhatsappBackendApplicationTests" time="5.469" tests="1" errors="0" skipped="0" failures="0">
  <properties>
[...]
</properties>
  <testcase name="contextLoads" classname="com.starkindustries.whatsapp_backend.WhatsappBackendApplicationTests" time="0.742">
    <system-out><![CDATA[19:35:14.335 [main] INFO org.springframework.test.context.support.AnnotationConfigContextLoaderUtils -- Could not detect default configuration classes for test class [com.starkindustries.whatsapp_backend.WhatsappBackendApplicationTests]: WhatsappBackendApplicationTests does not declare any static, non-private, non-final, nested classes annotated with @Configuration.
19:35:14.494 [main] INFO org.springframework.boot.test.context.SpringBootTestContextBootstrapper -- Found @SpringBootConfiguration com.starkindustries.whatsapp_backend.WhatsappBackendApplication for test class com.starkindustries.whatsapp_backend.WhatsappBackendApplicationTests
19:35:14.693 [main] INFO org.springframework.boot.devtools.restart.RestartApplicationListener -- Restart disabled due to context in which it is running

  .   ____          _            __ _ _
 /\\ / ___'_ __ _ _(_)_ __  __ _ \ \ \ \
( ( )\___ | '_ | '_| | '_ \/ _` | \ \ \ \
 \\/  ___)| |_)| | | | | || (_| |  ) ) ) )
  '  |____| .__|_| |_|_| |_\__, | / / / /
 =========|_|==============|___/=/_/_/_/

 :: Spring Boot ::                (v4.0.1)

2026-01-15T19:35:14.988+05:30  INFO 13664 --- [whatsapp-backend] [           main] c.s.w.WhatsappBackendApplicationTests    : Starting WhatsappBackendApplicationTests using Java 24.0.1 with PID 13664 (started by kelas in C:\Users\kelas\OneDrive\Desktop\Developer\Projects\WhatsApp\whatsapp-backend)
2026-01-15T19:35:14.992+05:30  INFO 13664 --- [whatsapp-backend] [           main] c.s.w.WhatsappBackendApplicationTests    : No active profile set, falling back to 1 default profile: "default"
2026-01-15T19:35:15.980+05:30  INFO 13664 --- [whatsapp-backend] [           main] .s.d.r.c.RepositoryConfigurationDelegate : Multiple Spring Data modules found, entering strict repository configuration mode
2026-01-15T19:35:15.982+05:30  INFO 13664 --- [whatsapp-backend] [           main] .s.d.r.c.RepositoryConfigurationDelegate : Bootstrapping Spring Data MongoDB repositories in DEFAULT mode.
2026-01-15T19:35:16.132+05:30  INFO 13664 --- [whatsapp-backend] [           main] .s.d.r.c.RepositoryConfigurationDelegate : Finished Spring Data repository scanning in 142 ms. Found 1 MongoDB repository interface.
2026-01-15T19:35:16.195+05:30  INFO 13664 --- [whatsapp-backend] [           main] .s.d.r.c.RepositoryConfigurationDelegate : Multiple Spring Data modules found, entering strict repository configuration mode
2026-01-15T19:35:16.197+05:30  INFO 13664 --- [whatsapp-backend] [           main] .s.d.r.c.RepositoryConfigurationDelegate : Bootstrapping Spring Data Redis repositories in DEFAULT mode.
2026-01-15T19:35:16.219+05:30  INFO 13664 --- [whatsapp-backend] [           main] .RepositoryConfigurationExtensionSupport : Spring Data Redis - Could not safely identify store assignment for repository candidate interface com.starkindustries.whatsapp_backend.authentication.repository.AuthenticationRepository; If you want this repository to be a Redis repository, consider annotating your entities with one of these annotations: org.springframework.data.redis.core.RedisHash (preferred), or consider extending one of the following types with your repository: org.springframework.data.keyvalue.repository.KeyValueRepository
2026-01-15T19:35:16.219+05:30  INFO 13664 --- [whatsapp-backend] [           main] .s.d.r.c.RepositoryConfigurationDelegate : Finished Spring Data repository scanning in 11 ms. Found 0 Redis repository interfaces.
2026-01-15T19:35:16.768+05:30  INFO 13664 --- [whatsapp-backend] [           main] org.mongodb.driver.client                : MongoClient with metadata {"driver": {"name": "mongo-java-driver|spring-boot|sync", "version": "5.6.2"}, "os": {"type": "Windows", "name": "Windows 11", "architecture": "amd64", "version": "10.0"}, "platform": "Java/Oracle Corporation/24.0.1+9-30"} created with settings MongoClientSettings{readPreference=primary, writeConcern=WriteConcern{w=null, wTimeout=null ms, journal=null}, retryWrites=true, retryReads=true, readConcern=ReadConcern{level=null}, credential=null, transportSettings=null, commandListeners=[], codecRegistry=ProvidersCodecRegistry{codecProviders=[ValueCodecProvider{}, BsonValueCodecProvider{}, DBRefCodecProvider{}, DBObjectCodecProvider{}, DocumentCodecProvider{}, CollectionCodecProvider{}, IterableCodecProvider{}, MapCodecProvider{}, GeoJsonCodecProvider{}, GridFSFileCodecProvider{}, Jsr310CodecProvider{}, JsonObjectCodecProvider{}, BsonCodecProvider{}, com.mongodb.client.model.mql.ExpressionCodecProvider@8ac512e, com.mongodb.Jep395RecordCodecProvider@4bbc21bd, com.mongodb.KotlinCodecProvider@14e3d439, EnumCodecProvider{}]}, loggerSettings=LoggerSettings{maxDocumentLength=1000}, clusterSettings={hosts=[localhost:27017], srvServiceName=mongodb, mode=SINGLE, requiredClusterType=UNKNOWN, requiredReplicaSetName='null', serverSelector='null', clusterListeners='[]', serverSelectionTimeout='30000 ms', localThreshold='15 ms'}, socketSettings=SocketSettings{connectTimeoutMS=10000, readTimeoutMS=0, receiveBufferSize=0, proxySettings=ProxySettings{host=null, port=null, username=null, password=null}}, heartbeatSocketSettings=SocketSettings{connectTimeoutMS=10000, readTimeoutMS=10000, receiveBufferSize=0, proxySettings=ProxySettings{host=null, port=null, username=null, password=null}}, connectionPoolSettings=ConnectionPoolSettings{maxSize=100, minSize=0, maxWaitTimeMS=120000, maxConnectionLifeTimeMS=0, maxConnectionIdleTimeMS=0, maintenanceInitialDelayMS=0, maintenanceFrequencyMS=60000, connectionPoolListeners=[], maxConnecting=2}, serverSettings=ServerSettings{heartbeatFrequencyMS=10000, minHeartbeatFrequencyMS=500, serverMonitoringMode=AUTO, serverListeners='[]', serverMonitorListeners='[]'}, sslSettings=SslSettings{enabled=false, invalidHostNameAllowed=false, context=null}, applicationName='null', compressorList=[], uuidRepresentation=UNSPECIFIED, serverApi=null, autoEncryptionSettings=null, dnsClient=null, inetAddressResolver=null, contextProvider=null, timeoutMS=null}
2026-01-15T19:35:16.802+05:30  INFO 13664 --- [whatsapp-backend] [localhost:27017] org.mongodb.driver.cluster               : Monitor thread successfully connected to server with description ServerDescription{address=localhost:27017, type=STANDALONE, cryptd=false, state=CONNECTED, ok=true, minWireVersion=0, maxWireVersion=25, maxDocumentSize=16777216, logicalSessionTimeoutMinutes=30, roundTripTimeNanos=24182000, minRoundTripTimeNanos=0}
2026-01-15T19:35:17.165+05:30  WARN 13664 --- [whatsapp-backend] [           main] o.s.aop.framework.CglibAopProxy          : Unable to proxy interface-implementing method [public final java.lang.String org.springframework.security.crypto.password.AbstractValidatingPasswordEncoder.encode(java.lang.CharSequence)] because it is marked as final, consider using interface-based JDK proxies instead.
2026-01-15T19:35:17.166+05:30  WARN 13664 --- [whatsapp-backend] [           main] o.s.aop.framework.CglibAopProxy          : Unable to proxy interface-implementing method [public final boolean org.springframework.security.crypto.password.AbstractValidatingPasswordEncoder.matches(java.lang.CharSequence,java.lang.String)] because it is marked as final, consider using interface-based JDK proxies instead.
2026-01-15T19:35:17.166+05:30  WARN 13664 --- [whatsapp-backend] [           main] o.s.aop.framework.CglibAopProxy          : Unable to proxy interface-implementing method [public final boolean org.springframework.security.crypto.password.AbstractValidatingPasswordEncoder.upgradeEncoding(java.lang.String)] because it is marked as final, consider using interface-based JDK proxies instead.
2026-01-15T19:35:17.380+05:30  INFO 13664 --- [whatsapp-backend] [           main] c.s.w.a.service.TwilioSmsService         : ? TwilioRestClient initialized with SID: AC7087c9...
2026-01-15T19:35:17.707+05:30  INFO 13664 --- [whatsapp-backend] [           main] eAuthenticationProviderManagerConfigurer : Global AuthenticationManager configured with AuthenticationProvider bean with name getAuthenticationProvider
2026-01-15T19:35:17.708+05:30  WARN 13664 --- [whatsapp-backend] [           main] r$InitializeUserDetailsManagerConfigurer : Global AuthenticationManager configured with an AuthenticationProvider bean. UserDetailsService beans will not be used by Spring Security for automatically configuring username/password login. Consider removing the AuthenticationProvider bean. Alternatively, consider using the UserDetailsService in a manually instantiated DaoAuthenticationProvider. If the current configuration is intentional, to turn off this warning, increase the logging level of 'org.springframework.security.config.annotation.authentication.configuration.InitializeUserDetailsBeanManagerConfigurer' to ERROR
2026-01-15T19:35:18.682+05:30  INFO 13664 --- [whatsapp-backend] [           main] c.s.w.WhatsappBackendApplicationTests    : Started WhatsappBackendApplicationTests in 4.002 seconds (process running for 5.45)
]]></system-out>
    <system-err><![CDATA[Mockito is currently self-attaching to enable the inline-mock-maker. This will no longer work in future releases of the JDK. Please add Mockito as an agent to your build as described in Mockito's documentation: https://javadoc.io/doc/org.mockito/mockito-core/latest/org.mockito/org/mockito/Mockito.html#0.3
WARNING: A Java agent has been loaded dynamically (C:\Users\kelas\.m2\repository\net\bytebuddy\byte-buddy-agent\1.17.8\byte-buddy-agent-1.17.8.jar)
WARNING: If a serviceability tool is in use, please run with -XX:+EnableDynamicAgentLoading to hide this warning
WARNING: If a serviceability tool is not in use, please run with -Djdk.instrument.traceUsage for more information
WARNING: Dynamic loading of agents will be disallowed by default in a future release
]]></system-err>
  </testcase>
</testsuite>